<?xml version="1.0" encoding="UTF-8"?>
<testsuite xmlns:xsi="http://www.w3.org/2001/XMLSchema-instance" xsi:noNamespaceSchemaLocation="https://maven.apache.org/surefire/maven-surefire-plugin/xsd/surefire-test-report.xsd" version="3.0.2" name="com.packt.ahmeric.reactivesample.ReactiveSampleApplicationTests" time="1.212" tests="1" errors="0" skipped="0" failures="0" flakes="0">
  <properties>
[...]
</properties>
  <testcase name="contextLoads" classname="com.packt.ahmeric.reactivesample.ReactiveSampleApplicationTests" time="0.301">
    <system-out><![CDATA[09:24:26.595 [main] INFO org.springframework.test.context.support.AnnotationConfigContextLoaderUtils -- Could not detect default configuration classes for test class [com.packt.ahmeric.reactivesample.ReactiveSampleApplicationTests]: ReactiveSampleApplicationTests does not declare any static, non-private, non-final, nested classes annotated with @Configuration.
09:24:26.626 [main] INFO org.springframework.boot.test.context.SpringBootTestContextBootstrapper -- Found @SpringBootConfiguration com.packt.ahmeric.reactivesample.ReactiveSampleApplication for test class com.packt.ahmeric.reactivesample.ReactiveSampleApplicationTests
09:24:26.649 [main] INFO org.springframework.test.context.support.AnnotationConfigContextLoaderUtils -- Could not detect default configuration classes for test class [com.packt.ahmeric.reactivesample.ReactiveSampleApplicationTests]: ReactiveSampleApplicationTests does not declare any static, non-private, non-final, nested classes annotated with @Configuration.
09:24:26.650 [main] INFO org.springframework.boot.test.context.SpringBootTestContextBootstrapper -- Found @SpringBootConfiguration com.packt.ahmeric.reactivesample.ReactiveSampleApplication for test class com.packt.ahmeric.reactivesample.ReactiveSampleApplicationTests

  .   ____          _            __ _ _
 /\\ / ___'_ __ _ _(_)_ __  __ _ \ \ \ \
( ( )\___ | '_ | '_| | '_ \/ _` | \ \ \ \
 \\/  ___)| |_)| | | | | || (_| |  ) ) ) )
  '  |____| .__|_| |_|_| |_\__, | / / / /
 =========|_|==============|___/=/_/_/_/

 :: Spring Boot ::                (v4.0.6)

2026-06-05T09:24:26.742+02:00  INFO 190161 --- [           main] c.p.a.r.ReactiveSampleApplicationTests   : Starting ReactiveSampleApplicationTests using Java 25.0.3 with PID 190161 (started by ulf in /home/ulf/data/Mastering-Spring-Boot-3.0/Chapter-3-2-implement_back-pressure)
2026-06-05T09:24:26.743+02:00  INFO 190161 --- [           main] c.p.a.r.ReactiveSampleApplicationTests   : No active profile set, falling back to 1 default profile: "default"
2026-06-05T09:24:26.951+02:00  INFO 190161 --- [           main] .s.d.r.c.RepositoryConfigurationDelegate : Bootstrapping Spring Data R2DBC repositories in DEFAULT mode.
2026-06-05T09:24:26.988+02:00  INFO 190161 --- [           main] .s.d.r.c.RepositoryConfigurationDelegate : Finished Spring Data repository scanning in 35 ms. Found 1 R2DBC repository interface.
2026-06-05T09:24:27.442+02:00  INFO 190161 --- [           main] c.p.a.r.ReactiveSampleApplicationTests   : Started ReactiveSampleApplicationTests in 0.776 seconds (process running for 1.174)
2026-06-05T09:24:27.443+02:00  WARN 190161 --- [           main] o.s.core.events.SpringDocAppInitializer  : SpringDoc /v3/api-docs endpoint is enabled by default. To disable it in production, set the property 'springdoc.api-docs.enabled=false'
2026-06-05T09:24:27.443+02:00  WARN 190161 --- [           main] o.s.core.events.SpringDocAppInitializer  : SpringDoc /swagger-ui.html endpoint is enabled by default. To disable it in production, set the property 'springdoc.swagger-ui.enabled=false'
]]></system-out>
    <system-err><![CDATA[Mockito is currently self-attaching to enable the inline-mock-maker. This will no longer work in future releases of the JDK. Please add Mockito as an agent to your build as described in Mockito's documentation: https://javadoc.io/doc/org.mockito/mockito-core/latest/org.mockito/org/mockito/Mockito.html#0.3
WARNING: A Java agent has been loaded dynamically (/home/ulf/.m2/repository/net/bytebuddy/byte-buddy-agent/1.17.8/byte-buddy-agent-1.17.8.jar)
WARNING: If a serviceability tool is in use, please run with -XX:+EnableDynamicAgentLoading to hide this warning
WARNING: If a serviceability tool is not in use, please run with -Djdk.instrument.traceUsage for more information
WARNING: Dynamic loading of agents will be disallowed by default in a future release
]]></system-err>
  </testcase>
</testsuite>